This is pdfTeX, Version 3.141592653-2.6-1.40.25 (MiKTeX 24.1) (preloaded format=pdflatex 2025.12.14)  3 FEB 2026 14:31
entering extended mode
 restricted \write18 enabled.
 %&-line parsing enabled.
**./DisasterDetection.tex
(DisasterDetection.tex
LaTeX2e <2023-11-01> patch level 1
L3 programming layer <2024-01-04>

(C:\Users\muhta\AppData\Local\Programs\MiKTeX\tex/latex/base\article.cls
Document Class: article 2023/05/17 v1.4n Standard LaTeX document class
(C:\Users\muhta\AppData\Local\Programs\MiKTeX\tex/latex/base\size10.clo
File: size10.clo 2023/05/17 v1.4n Standard LaTeX file (size option)
)
\c@part=\count187
\c@section=\count188
\c@subsection=\count189
\c@subsubsection=\count190
\c@paragraph=\count191
\c@subparagraph=\count192
\c@figure=\count193
\c@table=\count194
\abovecaptionskip=\skip48
\belowcaptionskip=\skip49
\bibindent=\dimen140
) (C:\Users\muhta\AppData\Local\Programs\MiKTeX\tex/latex/graphics\color.sty
Package: color 2022/01/06 v1.3d Standard LaTeX Color (DPC)
(C:\Users\muhta\AppData\Local\Programs\MiKTeX\tex/latex/graphics-cfg\color.cfg
File: color.cfg 2016/01/02 v1.6 sample color configuration
)
Package color Info: Driver file: pdftex.def on input line 149.

(C:\Users\muhta\AppData\Local\Programs\MiKTeX\tex/latex/graphics-def\pdftex.def
File: pdftex.def 2022/09/22 v1.2b Graphics/color driver for pdftex
) (C:\Users\muhta\AppData\Local\Programs\MiKTeX\tex/latex/graphics\mathcolor.lt
x)) (C:\Users\muhta\AppData\Local\Programs\MiKTeX\tex/latex/base\latexsym.sty
Package: latexsym 1998/08/17 v2.2e Standard LaTeX package (lasy symbols)
\symlasy=\mathgroup4
LaTeX Font Info:    Overwriting symbol font `lasy' in version `bold'
(Font)                  U/lasy/m/n --> U/lasy/b/n on input line 52.
) (C:\Users\muhta\AppData\Local\Programs\MiKTeX\tex/latex/base\ifthen.sty
Package: ifthen 2022/04/13 v1.1d Standard LaTeX ifthen package (DPC)
)
\symlength=\skip50
\equalswidth=\skip51
\charwidth=\skip52
\boxrulewd=\skip53
\boxlineht=\skip54
\boxruleht=\skip55
\boxruledp=\skip56
\pcalvspace=\skip57
\lcomindent=\skip58
\@xlen=\skip59
\templena=\skip60
\templenb=\skip61
\tempboxa=\box51
\vshadelen=\skip62
\boxwidth=\skip63
\multicommentdepth=\skip64
\c@pardepth=\count195
\tempsbox=\box52
\@cparht=\skip65
\@cpardp=\skip66
\xmcomlen=\skip67
\spacewidth=\skip68
\alignboxwidth=\skip69
\alignwidth=\skip70
\alignbox=\box53
\symtlaitalics=\mathgroup5
\c@tlx@ctr=\count196
(C:\Users\muhta\AppData\Local\Programs\MiKTeX\tex/latex/tools\verbatim.sty
Package: verbatim 2023-11-06 v1.5v LaTeX2e package for verbatim enhancements
\every@verbatim=\toks17
\verbatim@line=\toks18
\verbatim@in@stream=\read2
)
(C:\Users\muhta\AppData\Local\Programs\MiKTeX\tex/latex/l3backend\l3backend-pdf
tex.def
File: l3backend-pdftex.def 2024-01-04 L3 backend support: PDF output (pdfTeX)
\l__color_backend_stack_int=\count197
\l__pdf_internal_box=\box54
) (DisasterDetection.aux)
\openout1 = `DisasterDetection.aux'.

LaTeX Font Info:    Checking defaults for OML/cmm/m/it on input line 939.
LaTeX Font Info:    ... okay on input line 939.
LaTeX Font Info:    Checking defaults for OMS/cmsy/m/n on input line 939.
LaTeX Font Info:    ... okay on input line 939.
LaTeX Font Info:    Checking defaults for OT1/cmr/m/n on input line 939.
LaTeX Font Info:    ... okay on input line 939.
LaTeX Font Info:    Checking defaults for T1/cmr/m/n on input line 939.
LaTeX Font Info:    ... okay on input line 939.
LaTeX Font Info:    Checking defaults for TS1/cmr/m/n on input line 939.
LaTeX Font Info:    ... okay on input line 939.
LaTeX Font Info:    Checking defaults for OMX/cmex/m/n on input line 939.
LaTeX Font Info:    ... okay on input line 939.
LaTeX Font Info:    Checking defaults for U/cmr/m/n on input line 939.
LaTeX Font Info:    ... okay on input line 939.

(C:\Users\muhta\AppData\Local\Programs\MiKTeX\tex/context/base/mkii\supp-pdf.mk
ii
[Loading MPS to PDF converter (version 2006.09.02).]
\scratchcounter=\count198
\scratchdimen=\dimen141
\scratchbox=\box55
\nofMPsegments=\count199
\nofMParguments=\count266
\everyMPshowfont=\toks19
\MPscratchCnt=\count267
\MPscratchDim=\dimen142
\MPnumerator=\count268
\makeMPintoPDFobject=\count269
\everyMPtoPDFconversion=\toks20
)
LaTeX Font Info:    External font `cmex10' loaded for size
(Font)              <7> on input line 942.
LaTeX Font Info:    External font `cmex10' loaded for size
(Font)              <5> on input line 942.
LaTeX Font Info:    Trying to load font information for U+lasy on input line 94
2.
(C:\Users\muhta\AppData\Local\Programs\MiKTeX\tex/latex/base\ulasy.fd
File: ulasy.fd 1998/08/17 v2.2e LaTeX symbol font definitions
)
LaTeX Font Info:    External font `cmex10' loaded for size
(Font)              <8> on input line 949.
LaTeX Font Info:    External font `cmex10' loaded for size
(Font)              <6> on input line 949.
[1

{C:/Users/muhta/AppData/Local/MiKTeX/fonts/map/pdftex/pdftex.map}]
Overfull \hbox (9.69598pt too wide) in paragraph at lines 1036--1037
[][] 
 []


Overfull \hbox (98.66994pt too wide) in paragraph at lines 1039--1040
[][] 
 []


Overfull \hbox (13.1557pt too wide) in paragraph at lines 1045--1046
[][] 
 []


Overfull \hbox (27.75368pt too wide) in paragraph at lines 1055--1057
[][] 
 []


Overfull \hbox (47.32489pt too wide) in paragraph at lines 1057--1058
[][] 
 []


Overfull \hbox (4.28543pt too wide) in paragraph at lines 1059--1060
[][] 
 []


Overfull \hbox (15.24805pt too wide) in paragraph at lines 1060--1061
[][] 
 []


Overfull \hbox (62.06026pt too wide) in paragraph at lines 1064--1065
[][] 
 []


Overfull \hbox (94.15144pt too wide) in paragraph at lines 1067--1068
[][] 
 []

[2] [3] (DisasterDetection.aux)
 ***********
LaTeX2e <2023-11-01> patch level 1
L3 programming layer <2024-01-04>
 ***********
 ) 
Here is how much of TeX's memory you used:
 1397 strings out of 474486
 21705 string characters out of 5743754
 1953542 words of memory out of 5000000
 23714 multiletter control sequences out of 15000+600000
 563547 words of font info for 57 fonts, out of 8000000 for 9000
 1141 hyphenation exceptions out of 8191
 42i,10n,50p,241b,146s stack positions out of 10000i,1000n,20000p,200000b,200000s
<C:/Users/muhta/AppData/Local/Programs/MiKTeX/fonts/type1/public/amsfonts/cm/
cmbx10.pfb><C:/Users/muhta/AppData/Local/Programs/MiKTeX/fonts/type1/public/ams
fonts/cm/cmcsc10.pfb><C:/Users/muhta/AppData/Local/Programs/MiKTeX/fonts/type1/
public/amsfonts/cm/cmmi10.pfb><C:/Users/muhta/AppData/Local/Programs/MiKTeX/fon
ts/type1/public/amsfonts/cm/cmr10.pfb><C:/Users/muhta/AppData/Local/Programs/Mi
KTeX/fonts/type1/public/amsfonts/cm/cmr5.pfb><C:/Users/muhta/AppData/Local/Prog
rams/MiKTeX/fonts/type1/public/amsfonts/cm/cmr8.pfb><C:/Users/muhta/AppData/Loc
al/Programs/MiKTeX/fonts/type1/public/amsfonts/cm/cmr9.pfb><C:/Users/muhta/AppD
ata/Local/Programs/MiKTeX/fonts/type1/public/amsfonts/cm/cmss10.pfb><C:/Users/m
uhta/AppData/Local/Programs/MiKTeX/fonts/type1/public/amsfonts/cm/cmsy10.pfb><C
:/Users/muhta/AppData/Local/Programs/MiKTeX/fonts/type1/public/amsfonts/cm/cmsy
7.pfb><C:/Users/muhta/AppData/Local/Programs/MiKTeX/fonts/type1/public/amsfonts
/cm/cmsy8.pfb><C:/Users/muhta/AppData/Local/Programs/MiKTeX/fonts/type1/public/
amsfonts/cm/cmti10.pfb><C:/Users/muhta/AppData/Local/Programs/MiKTeX/fonts/type
1/public/amsfonts/cm/cmti7.pfb><C:/Users/muhta/AppData/Local/Programs/MiKTeX/fo
nts/type1/public/amsfonts/cm/cmti8.pfb><C:/Users/muhta/AppData/Local/Programs/M
iKTeX/fonts/type1/public/amsfonts/latxfont/lasy10.pfb>
Output written on DisasterDetection.pdf (3 pages, 174512 bytes).
PDF statistics:
 87 PDF objects out of 1000 (max. 8388607)
 0 named destinations out of 1000 (max. 500000)
 1 words of extra memory for PDF output out of 10000 (max. 10000000)

